Buildfile: /home/yjy/workspace/IR/jtopas/script.xml

init:
   [delete] Deleting directory /home/yjy/workspace/IR/jtopas/tmp/src
   [delete] Deleting directory /home/yjy/workspace/IR/jtopas/tmp/test
   [delete] Deleting directory /home/yjy/workspace/IR/jtopas/tmp/src_bin
   [delete] Deleting directory /home/yjy/workspace/IR/jtopas/tmp/test_bin
   [delete] Deleting directory /home/yjy/workspace/IR/jtopas/docs
    [mkdir] Created dir: /home/yjy/workspace/IR/jtopas/tmp/src
    [mkdir] Created dir: /home/yjy/workspace/IR/jtopas/tmp/test
    [mkdir] Created dir: /home/yjy/workspace/IR/jtopas/tmp/src_bin
    [mkdir] Created dir: /home/yjy/workspace/IR/jtopas/tmp/test_bin
    [mkdir] Created dir: /home/yjy/workspace/IR/jtopas/docs

jtopas:
    [unzip] Expanding: /home/yjy/workspace/IR/jtopas/src/v2_f7.zip into /home/yjy/workspace/IR/jtopas/tmp/src
    [javac] /home/yjy/workspace/IR/jtopas/script.xml:39: warning: 'includeantruntime' was not set, defaulting to build.sysclasspath=last; set to false for repeatable builds
    [javac] Compiling 21 source files to /home/yjy/workspace/IR/jtopas/tmp/src_bin
    [javac] Note: Some input files use or override a deprecated API.
    [javac] Note: Recompile with -Xlint:deprecation for details.
    [javac] Note: /home/yjy/workspace/IR/jtopas/tmp/src/v2/src/de/susebox/java/util/AbstractTokenizer.java uses unchecked or unsafe operations.
    [javac] Note: Recompile with -Xlint:unchecked for details.
     [copy] Copying 29 files to /home/yjy/workspace/IR/jtopas/tmp/src_bin
    [javac] /home/yjy/workspace/IR/jtopas/script.xml:50: warning: 'includeantruntime' was not set, defaulting to build.sysclasspath=last; set to false for repeatable builds
    [javac] Compiling 16 source files to /home/yjy/workspace/IR/jtopas/tmp/test_bin
    [javac] Note: Some input files use or override a deprecated API.
    [javac] Note: Recompile with -Xlint:deprecation for details.
    [javac] Note: Some input files use unchecked or unsafe operations.
    [javac] Note: Recompile with -Xlint:unchecked for details.
     [copy] Copying 38 files to /home/yjy/workspace/IR/jtopas/tmp/test_bin
     [echo] Start to copy files for indexing 
     [copy] Copying 50 files to /home/yjy/workspace/IR/jtopas/docs
     [echo] Start to index files 
     [java] Indexing to directory 'index'...
     [java] adding docs/de/susebox/jtopas/KeywordHandler.java
     [java] adding docs/de/susebox/jtopas/SequenceHandler.java
     [java] adding docs/de/susebox/jtopas/InputStreamSource.java
     [java] adding docs/de/susebox/jtopas/WhitespaceHandler.java
     [java] adding docs/de/susebox/jtopas/SeparatorHandler.java
     [java] adding docs/de/susebox/jtopas/PluginTokenizer.java
     [java] adding docs/de/susebox/jtopas/Plugin.java
     [java] adding docs/de/susebox/jtopas/TokenizerSource.java
     [java] adding docs/de/susebox/java/io/ExtIOException.java
     [java] adding docs/de/susebox/java/util/InputStreamTokenizer.java
     [java] adding docs/de/susebox/java/util/AbstractTokenizer.java
     [java] adding docs/de/susebox/java/util/TokenizerException.java
     [java] adding docs/de/susebox/java/util/TokenizerProperty.java
     [java] adding docs/de/susebox/java/util/Tokenizer.java
     [java] adding docs/de/susebox/java/util/Token.java
     [java] adding docs/de/susebox/java/lang/ExtIndexOutOfBoundsException.java
     [java] adding docs/de/susebox/java/lang/ExceptionMessageFormatter.java
     [java] adding docs/de/susebox/java/lang/ThrowableList.java
     [java] adding docs/de/susebox/java/lang/ThrowableMessageFormatter.java
     [java] adding docs/de/susebox/java/lang/ExtRuntimeException.java
     [java] adding docs/de/susebox/java/lang/ExceptionList.java
     [java] 1022 total milliseconds
     [java] A new failure starts. No. 1:
     [java] de.susebox.java.lang.ExtIndexOutOfBoundsException: Invalid read position 0 below the current text window start 0.
     [java] 	at de.susebox.java.util.AbstractTokenizer.setReadPositionAbsolute(AbstractTokenizer.java:658)
     [java] 	at de.susebox.java.util.AbstractTokenizer.setReadPositionRelative(AbstractTokenizer.java:679)
     [java] 	at de.susebox.java.util.TestTextAccess.testSetReadPos(TestTextAccess.java:231)
     [java] 	at sun.reflect.NativeMethodAccessorImpl.invoke0(Native Method)
     [java] 	at sun.reflect.NativeMethodAccessorImpl.invoke(NativeMethodAccessorImpl.java:39)
     [java] 	at sun.reflect.DelegatingMethodAccessorImpl.invoke(DelegatingMethodAccessorImpl.java:25)
     [java] 	at java.lang.reflect.Method.invoke(Method.java:597)
     [java] 	at junit.framework.TestCase.runTest(TestCase.java:168)
     [java] 	at junit.framework.TestCase.runBare(TestCase.java:134)
     [java] 	at junit.framework.TestResult$1.protect(TestResult.java:110)
     [java] 	at junit.framework.TestResult.runProtected(TestResult.java:128)
     [java] 	at junit.framework.TestResult.run(TestResult.java:113)
     [java] 	at junit.framework.TestCase.run(TestCase.java:124)
     [java] 	at junit.framework.TestSuite.runTest(TestSuite.java:243)
     [java] 	at junit.framework.TestSuite.run(TestSuite.java:238)
     [java] 	at junit.framework.TestSuite.runTest(TestSuite.java:243)
     [java] 	at junit.framework.TestSuite.run(TestSuite.java:238)
     [java] 	at junit.framework.TestSuite.runTest(TestSuite.java:243)
     [java] 	at junit.framework.TestSuite.run(TestSuite.java:238)
     [java] 	at junit.framework.TestSuite.runTest(TestSuite.java:243)
     [java] 	at junit.framework.TestSuite.run(TestSuite.java:238)
     [java] 	at org.junit.internal.runners.JUnit38ClassRunner.run(JUnit38ClassRunner.java:83)
     [java] 	at org.junit.runners.Suite.runChild(Suite.java:128)
     [java] 	at org.junit.runners.Suite.runChild(Suite.java:24)
     [java] 	at org.junit.runners.ParentRunner$3.run(ParentRunner.java:231)
     [java] 	at org.junit.runners.ParentRunner$1.schedule(ParentRunner.java:60)
     [java] 	at org.junit.runners.ParentRunner.runChildren(ParentRunner.java:229)
     [java] 	at org.junit.runners.ParentRunner.access$000(ParentRunner.java:50)
     [java] 	at org.junit.runners.ParentRunner$2.evaluate(ParentRunner.java:222)
     [java] 	at org.junit.runners.ParentRunner.run(ParentRunner.java:300)
     [java] 	at org.junit.runner.JUnitCore.run(JUnitCore.java:157)
     [java] 	at org.junit.runner.JUnitCore.run(JUnitCore.java:136)
     [java] 	at org.junit.runner.JUnitCore.run(JUnitCore.java:117)
     [java] 	at edu.gatech.ir.JunitRunner.main(JunitRunner.java:30)
     [java] 
     [java] Class name: de.susebox.java.util.TestTextAccess
     [java] Method name: testSetReadPos
     [java] Invalid read position 0 below the current text window start 0.
     [java] testSetReadPos(de.susebox.java.util.TestTextAccess)
     [java] 
     [java] Original string is: de.susebox.java.lang.ExtIndexOutOfBoundsException: Invalid read position 0 below the current text window start 0.
     [java] Processed string is: de.susebox.java.lang.ExtIndexOutOfBoundsException  Invalid read position 0 below the current text window start 0.
     [java] Searching for: de.susebox.java.lang.extindexoutofboundsexception invalid read position 0 below current text window start 0
     [java] Get: 13 results
     [java] doc=10 score=0.42252484 name=AbstractTokenizer.java
     [java] doc=13 score=0.18833701 name=Tokenizer.java
     [java] doc=5 score=0.09781935 name=PluginTokenizer.java
     [java] doc=9 score=0.09464702 name=InputStreamTokenizer.java
     [java] doc=14 score=0.07289807 name=Token.java
     [java] doc=2 score=0.06206472 name=InputStreamSource.java
     [java] doc=3 score=0.029288419 name=WhitespaceHandler.java
     [java] doc=7 score=0.011865328 name=TokenizerSource.java
     [java] doc=1 score=0.010119322 name=SequenceHandler.java
     [java] doc=12 score=0.007827692 name=TokenizerProperty.java
     [java] doc=17 score=0.0060569313 name=ThrowableList.java
     [java] doc=0 score=0.002590939 name=KeywordHandler.java
     [java] doc=20 score=0.0010251483 name=ExceptionList.java

BUILD SUCCESSFUL
Total time: 6 seconds
